Content-Type: text/plain; charset="utf-8"
MIME-Version: 1.0
Content-Transfer-Encoding: 7bit
Subject: Password reset on 127.0.0.1:8000
From: webmaster@localhost
To: romanvia93@yandex.ru
Date: Sun, 07 Feb 2021 15:11:13 -0000
Message-ID: <161271067387.13196.9957588883513098404@LAPTOP-J4PB6B1C>


You're receiving this email because you requested a password reset for your user account at 127.0.0.1:8000.

Please go to the following page and choose a new password:

http://127.0.0.1:8000/auth/reset/Mw/5ny-5c99be8085e06ccea6da/

Your username, in case you've forgotten: roman

Thanks for using our site!

The 127.0.0.1:8000 team



-------------------------------------------------------------------------------
Content-Type: text/plain; charset="utf-8"
MIME-Version: 1.0
Content-Transfer-Encoding: 7bit
Subject: Password reset on 127.0.0.1:8000
From: webmaster@localhost
To: romanvia93@yandex.ru
Date: Sun, 07 Feb 2021 15:11:13 -0000
Message-ID: <161271067388.13196.6191901242537545538@LAPTOP-J4PB6B1C>


You're receiving this email because you requested a password reset for your user account at 127.0.0.1:8000.

Please go to the following page and choose a new password:

http://127.0.0.1:8000/auth/reset/Nw/5ny-75fa04e986063757bd85/

Your username, in case you've forgotten: romanvia94

Thanks for using our site!

The 127.0.0.1:8000 team



-------------------------------------------------------------------------------
